<?xml version="1.0" encoding="UTF-8"?>
<!-- Generated by org.testng.reporters.JUnitXMLReporter -->
<testsuite hostname="Tonimas-MacBook-Air.local" ignored="0" name="Different LinkedIn feature test" tests="6" failures="0" timestamp="17 Sep 2019 15:43:22 GMT" time="65.595" errors="0">
  <testcase name="clickOnMessagingLinkTest" time="0.353" classname="com.linkedin.qa.testcases.HomePageTest"/>
  <testcase name="CheckGroupConversationIconTest" time="1.221" classname="com.linkedin.qa.testcases.MessagePageTest"/>
  <testcase name="SearchBoxVerificationTest" time="1.224" classname="com.linkedin.qa.testcases.MessagePageTest"/>
  <testcase name="clickOnComposeButtonTest" time="1.13" classname="com.linkedin.qa.testcases.MessagePageTest"/>
  <testcase name="selectMessageByNameTest" time="0.963" classname="com.linkedin.qa.testcases.MessagePageTest"/>
  <testcase name="verifyMessageTest" time="0.947" classname="com.linkedin.qa.testcases.MessagePageTest"/>
</testsuite> <!-- Different LinkedIn feature test -->
