<?xml version="1.0" encoding="UTF-8"?>
<!-- Generated by org.testng.reporters.JUnitXMLReporter -->
<testsuite hostname="Tonimas-MacBook-Air.local" ignored="0" name="Default test" tests="3" failures="0" timestamp="17 Sep 2019 15:42:00 GMT" time="15.003" errors="0">
  <testcase name="LoginPageTitleTest" time="0.338" classname="com.linkedin.qa.testcases.LoginPageTest"/>
  <testcase name="loginPageLogoTest" time="0.477" classname="com.linkedin.qa.testcases.LoginPageTest"/>
  <testcase name="LoginTest" time="5.615" classname="com.linkedin.qa.testcases.LoginPageTest"/>
</testsuite> <!-- Default test -->
